build/app/outputs/mapping/release/seeds.txt
com.keshavsapplication.app.MainActivity
com.keshavsapplication.app.MainActivity: MainActivity()
...
androidx.constraintlayout.motion.widget.MotionLayout: void setTransition(int,int)
androidx.window.java.layout.WindowInfoTrackerCallbackAdapter: void removeListener(androidx.core.util.Consumer)
okhttp3.OkHttpClient: okhttp3.CookieJar -deprecated_cookieJar()
androidx.constraintlayout.utils.widget.MotionLabel: void setTextBackgroundZoom(float)
easypay.appinvoke.manager.PaytmAssist: void setLastLoadedUrl(java.lang.String)
kotlinx.coroutines.android.AndroidExceptionPreHandler: void handleException(kotlin.coroutines.CoroutineContext,java.lang.Throwable)
okhttp3.HttpUrl: java.lang.String toString()
okhttp3.CipherSuite: java.lang.String -deprecated_javaName()
androidx.window.layout.HardwareFoldingFeature$Companion: void validateFeatureBounds$window_release(androidx.window.core.Bounds)
androidx.appcompat.widget.ActivityChooserView: void setInitialActivityCount(int)
androidx.window.embedding.SplitInfo: boolean contains(android.app.Activity)
okhttp3.CacheControl$Builder: okhttp3.CacheControl$Builder maxStale(int,java.util.concurrent.TimeUnit)
okhttp3.Credentials: java.lang.String basic$default(java.lang.String,java.lang.String,java.nio.charset.Charset,int,java.lang.Object)
androidx.vectordrawable.graphics.drawable.VectorDrawableCompat$VGroup: void setRotation(float)
androidx.window.layout.DisplayCompatHelperApi28: int safeInsetTop(android.view.DisplayCutout)
androidx.window.layout.WindowMetricsCalculator$Companion: WindowMetricsCalculator$Companion()
androidx.window.layout.WindowInfoTracker$Companion: void overrideDecorator(androidx.window.layout.WindowInfoTrackerDecorator)
okhttp3.CertificatePinner$Pin: java.lang.String toString()
okhttp3.Cache: int requestCount()
okhttp3.Address: boolean equals(java.lang.Object)
okhttp3.HttpUrl: java.net.URI uri()
com.google.gson.reflect.TypeToken: boolean isAssignableFrom(java.lang.reflect.Type)
okio.ForwardingSource: void close()
okhttp3.Cookie$Builder: okhttp3.Cookie$Builder secure()
okhttp3.Dispatcher: java.util.List runningCalls()
androidx.constraintlayout.helper.widget.Flow: void setHorizontalGap(int)
androidx.slidingpanelayout.widget.SlidingPaneLayout: void setShadowDrawable(android.graphics.drawable.Drawable)
io.flutter.app.FlutterApplication: FlutterApplication()
io.flutter.embedding.android.RenderMode: io.flutter.embedding.android.RenderMode[] values()
io.flutter.embedding.engine.FlutterJNI: void nativeDestroy(long)
com.airbnb.lottie.model.content.Mask$MaskMode: com.airbnb.lottie.model.content.Mask$MaskMode[] values()
androidx.appcompat.widget.SearchView$SearchAutoComplete: SearchView$SearchAutoComplete(android.content.Context,android.util.AttributeSet)
okhttp3.CacheControl$Companion: CacheControl$Companion()
com.airbnb.lottie.LottieAnimationView: void setAnimation(java.io.InputStream,java.lang.String)
androidx.appcompat.widget.AbsActionBarView: void setContentHeight(int)
okhttp3.Address: okhttp3.Dns dns()
okhttp3.Cache: void delete()
okhttp3.Headers: java.time.Instant getInstant(java.lang.String)
okhttp3.ResponseBody: void close()
okhttp3.Request$Builder: void setBody$okhttp(okhttp3.RequestBody)
androidx.window.embedding.ExtensionEmbeddingBackend: void getSplitChangeCallbacks$annotations()
io.flutter.embedding.engine.FlutterJNI: void nativeInvokePlatformMessageResponseCallback(long,int,java.nio.ByteBuffer,int)
androidx.appcompat.widget.FitWindowsFrameLayout: void setOnFitSystemWindowsListener(androidx.appcompat.widget.FitWindowsViewGroup$OnFitSystemWindowsListener)
okhttp3.Call$Factory: okhttp3.Call newCall(okhttp3.Request)
androidx.appcompat.widget.ActionMenuView: int getPopupTheme()
okhttp3.RequestBody: RequestBody()
androidx.constraintlayout.widget.ReactiveGuide: ReactiveGuide(android.content.Context)
com.razorpay.CheckoutBridge: void onload()
androidx.coordinatorlayout.widget.CoordinatorLayout: void setFitsSystemWindows(boolean)
androidx.appcompat.widget.AppCompatSpinner: AppCompatSpinner(android.content.Context,android.util.AttributeSet,int)