build/app/outputs/mapping/release/mapping.txt
# compiler: R8
# compiler_version: 3.1.66
# min_api: 21
# pg_map_id: 64041ad
# common_typos_disable
# {"id":"com.android.tools.r8.mapping","version":"1.0"}
...
com.google.gson.internal.bind.DateTypeAdapter -> com.google.gson.internal.bind.DateTypeAdapter:
    java.util.List dateFormats -> a
    com.google.gson.TypeAdapterFactory FACTORY -> b
    java.lang.Object read(com.google.gson.stream.JsonReader) -> b
    void write(com.google.gson.stream.JsonWriter,java.lang.Object) -> d
    java.util.Date deserializeToDate(java.lang.String) -> e
    java.util.Date read(com.google.gson.stream.JsonReader) -> f
    void write(com.google.gson.stream.JsonWriter,java.util.Date) -> g
com.google.gson.internal.bind.DateTypeAdapter$1 -> com.google.gson.internal.bind.DateTypeAdapter$1:
    com.google.gson.TypeAdapter create(com.google.gson.Gson,com.google.gson.reflect.TypeToken) -> a
com.google.gson.internal.bind.JsonAdapterAnnotationTypeAdapterFactory -> com.google.gson.internal.bind.JsonAdapterAnnotationTypeAdapterFactory:
    com.google.gson.internal.ConstructorConstructor constructorConstructor -> f
    com.google.gson.TypeAdapter create(com.google.gson.Gson,com.google.gson.reflect.TypeToken) -> a
    com.google.gson.TypeAdapter getTypeAdapter(com.google.gson.internal.ConstructorConstructor,com.google.gson.Gson,com.google.gson.reflect.TypeToken,com.google.gson.annotations.JsonAdapter) -> b
com.google.gson.internal.bind.JsonTreeReader -> com.google.gson.internal.bind.a:
    java.io.Reader UNREADABLE_READER -> z
    int[] pathIndices -> y
    java.lang.String[] pathNames -> x
    int stackSize -> w
    java.lang.Object SENTINEL_CLOSED -> A
    java.lang.Object[] stack -> v
    void push(java.lang.Object) -> A0
    void endObject() -> E
    java.lang.String getPath() -> O
    boolean hasNext() -> P
    java.lang.String locationString() -> Z
    boolean nextBoolean() -> a0
    void beginArray() -> b
    double nextDouble() -> b0
    int nextInt() -> c0
    long nextLong() -> d0
    java.lang.String nextName() -> e0
    void beginObject() -> g
    void nextNull() -> g0
    java.lang.String nextString() -> i0
    com.google.gson.stream.JsonToken peek() -> k0
    void skipValue() -> u0
    void expect(com.google.gson.stream.JsonToken) -> w0
    java.lang.Object peekStack() -> x0
    java.lang.Object popStack() -> y0
    void endArray() -> z
    void promoteNameToValue() -> z0
com.google.gson.internal.bind.JsonTreeReader$1 -> com.google.gson.internal.bind.a$a:
com.google.gson.internal.bind.JsonTreeWriter -> com.google.gson.internal.bind.b:
    com.google.gson.JsonPrimitive SENTINEL_CLOSED -> u
    java.util.List stack -> q
    java.io.Writer UNWRITABLE_WRITER -> t
    java.lang.String pendingName -> r
    com.google.gson.JsonElement product -> s
    com.google.gson.stream.JsonWriter endObject() -> E
    com.google.gson.stream.JsonWriter name(java.lang.String) -> T
    com.google.gson.stream.JsonWriter nullValue() -> Z
    com.google.gson.stream.JsonWriter value(long) -> j0
    com.google.gson.stream.JsonWriter value(java.lang.Boolean) -> k0
    com.google.gson.stream.JsonWriter beginArray() -> l
    com.google.gson.stream.JsonWriter value(java.lang.Number) -> l0
    com.google.gson.stream.JsonWriter value(java.lang.String) -> m0
    com.google.gson.stream.JsonWriter value(boolean) -> n0
    com.google.gson.JsonElement get() -> p0
    com.google.gson.JsonElement peek() -> q0
    void put(com.google.gson.JsonElement) -> r0
    com.google.gson.stream.JsonWriter beginObject() -> v
    com.google.gson.stream.JsonWriter endArray() -> z
com.google.gson.internal.bind.JsonTreeWriter$1 -> com.google.gson.internal.bind.b$a:
com.google.gson.internal.bind.MapTypeAdapterFactory -> com.google.gson.internal.bind.MapTypeAdapterFactory:
    com.google.gson.internal.ConstructorConstructor constructorConstructor -> f
    boolean complexMapKeySerialization -> g
    com.google.gson.TypeAdapter create(com.google.gson.Gson,com.google.gson.reflect.TypeToken) -> a
    com.google.gson.TypeAdapter getKeyAdapter(com.google.gson.Gson,java.lang.reflect.Type) -> b